{"failedCount":1,"prefixedPath":"src\/main\/resources\/features\/AuthToken.feature","packageQualifiedName":"src.main.resources.features.AuthToken","loopIndex":-1,"relativePath":"src\/main\/resources\/features\/AuthToken.feature","scenarioResults":[{"sectionIndex":0,"stepResults":[{"result":{"nanos":196668200,"millis":196.6682,"status":"passed"},"step":{"line":4,"prefix":"*","index":0,"text":"def TokenId = '80f991a8917298ac01597ca48f80f45724a2cb1a78f0bd83a3111d5508d0940b'"}},{"result":{"nanos":187669100,"millis":187.6691,"status":"passed"},"step":{"line":5,"prefix":"*","index":1,"text":"print TokenId"},"stepLog":"13:14:23.219 [print] 80f991a8917298ac01597ca48f80f45724a2cb1a78f0bd83a3111d5508d0940b \n"},{"result":{"nanos":27257600,"millis":27.2576,"status":"passed"},"step":{"line":6,"prefix":"Given","index":2,"text":"header Authorization = 'Bearer' + TokenId"}},{"result":{"nanos":1121100,"millis":1.1211,"status":"passed"},"step":{"line":7,"prefix":"Given","index":3,"text":"url 'https:\/\/gorest.co.in\/public\/v2\/users'"}},{"result":{"nanos":1079800,"millis":1.0798,"status":"passed"},"step":{"line":8,"prefix":"And","index":4,"text":"path '6203435'"}},{"result":{"nanos":1436453400,"errorMessage":"http call failed after 1422 milliseconds for url: https:\/\/gorest.co.in\/public\/v2\/users\/6203435\nsrc\/main\/resources\/features\/AuthToken.feature:9","millis":1436.4534,"status":"failed"},"step":{"line":9,"prefix":"When","index":5,"text":"method GET"},"stepLog":"13:14:24.188 request:\n1 > GET https:\/\/gorest.co.in\/public\/v2\/users\/6203435\n1 > Authorization: Bearer80f991a8917298ac01597ca48f80f45724a2cb1a78f0bd83a3111d5508d0940b\n1 > Host: gorest.co.in\n1 > Connection: Keep-Alive\n1 > User-Agent: Apache-HttpClient\/4.5.12 (Java\/17.0.9)\n1 > Accept-Encoding: gzip,deflate\n\n\n13:14:24.689 javax.net.ssl.SSLHandshakeException: PKIX path building failed: sun.security.provider.certpath.SunCertPathBuilderException: unable to find valid certification path to requested target, http call failed after 1422 milliseconds for url: https:\/\/gorest.co.in\/public\/v2\/users\/6203435\n13:14:24.690 src\/main\/resources\/features\/AuthToken.feature:9\nWhen method GET\nhttp call failed after 1422 milliseconds for url: https:\/\/gorest.co.in\/public\/v2\/users\/6203435\nsrc\/main\/resources\/features\/AuthToken.feature:9\n"},{"result":{"nanos":0,"millis":0.0,"status":"skipped"},"step":{"line":10,"prefix":"Then","index":6,"text":"status 200"}}],"line":3,"description":"","durationMillis":1850.2492,"failed":true,"error":"http call failed after 1422 milliseconds for url: https:\/\/gorest.co.in\/public\/v2\/users\/6203435\nsrc\/main\/resources\/features\/AuthToken.feature:9","executorName":"main","name":"Get user details","startTime":1707378262798,"refId":"[1:3]","endTime":1707378264690,"exampleIndex":-1}],"callDepth":0,"name":"GET API feature","description":"","resultDate":"2024-02-08 01:14:24 pm","durationMillis":1850.2492,"passedCount":0}