<?xml version="1.0" encoding="UTF-8"?>
<!-- Generated by org.testng.reporters.JUnitXMLReporter -->
<testsuite ignored="0" hostname="lin76002967" failures="1" tests="3" name="Error Validations Test" time="21.73" errors="0" timestamp="01 Mar 2024 07:25:09 GMT">
  <testcase classname="jayasuriyapractice.ErrorValidationsTest" name="LoginErrorValidation" time="0.858">
    <skipped/>
  </testcase> <!-- LoginErrorValidation -->
  <testcase classname="jayasuriyapractice.ErrorValidationsTest" name="LoginErrorValidation" time="0.792">
    <failure type="java.lang.AssertionError" message="expected [Incorrect email or password.] but found [Incorrect email  password.]">
      <![CDATA[java.lang.AssertionError: expected [Incorrect email or password.] but found [Incorrect email  password.]
	at jayasuriyapractice.ErrorValidationsTest.LoginErrorValidation(ErrorValidationsTest.java:22)
	at java.base/java.util.concurrent.FutureTask.run(FutureTask.java:264)
	at java.base/java.util.concurrent.ThreadPoolExecutor.runWorker(ThreadPoolExecutor.java:1136)
	at java.base/java.util.concurrent.ThreadPoolExecutor$Worker.run(ThreadPoolExecutor.java:635)
	at java.base/java.lang.Thread.run(Thread.java:840)
... Removed 22 stack frames]]>
    </failure>
  </testcase> <!-- LoginErrorValidation -->
  <testcase classname="jayasuriyapractice.ErrorValidationsTest" name="ProductErrorValidation" time="2.716"/>
</testsuite> <!-- Error Validations Test -->
