<?xml version="1.0" encoding="UTF-8"?>
<testng-results ignored="0" total="1" passed="1" failed="0" skipped="0">
  <reporter-output>
  </reporter-output>
  <suite started-at="2024-02-29T12:19:16Z" name="Default suite" finished-at="2024-02-29T12:19:25Z" duration-ms="9570">
    <groups>
    </groups>
    <test started-at="2024-02-29T12:19:16Z" name="Default test" finished-at="2024-02-29T12:19:25Z" duration-ms="9570">
      <class name="jayasuriyapractice.ExtentReports.ExtentReportDemo">
        <test-method is-config="true" signature="config()[pri:0, instance:jayasuriyapractice.ExtentReports.ExtentReportDemo@4b79ac84]" started-at="2024-02-29T17:49:16Z" name="config" finished-at="2024-02-29T17:49:16Z" duration-ms="699" status="PASS">
          <reporter-output>
          </reporter-output>
        </test-method> <!-- config -->
        <test-method signature="initialDemo()[pri:0, instance:jayasuriyapractice.ExtentReports.ExtentReportDemo@4b79ac84]" started-at="2024-02-29T17:49:16Z" name="initialDemo" finished-at="2024-02-29T17:49:25Z" duration-ms="8820" status="PASS">
          <reporter-output>
          </reporter-output>
        </test-method> <!-- initialDemo -->
      </class> <!-- jayasuriyapractice.ExtentReports.ExtentReportDemo -->
    </test> <!-- Default test -->
  </suite> <!-- Default suite -->
</testng-results>
