{"failedCount":1,"prefixedPath":"src\/main\/resources\/features\/getapiwithquery.feature","packageQualifiedName":"src.main.resources.features.getapiwithquery","loopIndex":-1,"relativePath":"src\/main\/resources\/features\/getapiwithquery.feature","scenarioResults":[{"sectionIndex":0,"stepResults":[{"result":{"nanos":134508600,"millis":134.5086,"status":"passed"},"step":{"line":4,"prefix":"*","index":0,"text":"def query = {status:'active'}"}},{"result":{"nanos":170077100,"errorMessage":"js failed:\n>>>>\n01: url'https:\/\/gorest.co.in\/public\/v2\/users'\n<<<<\norg.graalvm.polyglot.PolyglotException: SyntaxError: Unnamed:1:4 Expected ; but found https:\/\/gorest.co.in\/public\/v2\/users\r\nurl'https:\/\/gorest.co.in\/public\/v2\/users'\r\n    ^\n\n- org.graalvm.polyglot.Context.eval(Context.java:425)\n- com.intuit.karate.graal.JsEngine.evalForValue(JsEngine.java:139)\n- com.intuit.karate.graal.JsEngine.eval(JsEngine.java:135)\n- com.intuit.karate.core.ScenarioEngine.evalJs(ScenarioEngine.java:1190)\n- com.intuit.karate.ScenarioActions.eval(ScenarioActions.java:388)\n- java.base\/jdk.internal.reflect.NativeMethodAccessorImpl.invoke0(Native Method)\n- java.base\/jdk.internal.reflect.NativeMethodAccessorImpl.invoke(NativeMethodAccessorImpl.java:77)\n\nsrc\/main\/resources\/features\/getapiwithquery.feature:5","millis":170.0771,"status":"failed"},"step":{"line":5,"prefix":"Given","index":1,"text":"url'https:\/\/gorest.co.in\/public\/v2\/users'"},"stepLog":"17:09:07.632 src\/main\/resources\/features\/getapiwithquery.feature:5\nGiven url'https:\/\/gorest.co.in\/public\/v2\/users'\njs failed:\n>>>>\n01: url'https:\/\/gorest.co.in\/public\/v2\/users'\n<<<<\norg.graalvm.polyglot.PolyglotException: SyntaxError: Unnamed:1:4 Expected ; but found https:\/\/gorest.co.in\/public\/v2\/users\r\nurl'https:\/\/gorest.co.in\/public\/v2\/users'\r\n    ^\n\n- org.graalvm.polyglot.Context.eval(Context.java:425)\n- com.intuit.karate.graal.JsEngine.evalForValue(JsEngine.java:139)\n- com.intuit.karate.graal.JsEngine.eval(JsEngine.java:135)\n- com.intuit.karate.core.ScenarioEngine.evalJs(ScenarioEngine.java:1190)\n- com.intuit.karate.ScenarioActions.eval(ScenarioActions.java:388)\n- java.base\/jdk.internal.reflect.NativeMethodAccessorImpl.invoke0(Native Method)\n- java.base\/jdk.internal.reflect.NativeMethodAccessorImpl.invoke(NativeMethodAccessorImpl.java:77)\n\nsrc\/main\/resources\/features\/getapiwithquery.feature:5\n"},{"result":{"nanos":0,"millis":0.0,"status":"skipped"},"step":{"line":6,"prefix":"And","index":2,"text":"params query"}},{"result":{"nanos":0,"millis":0.0,"status":"skipped"},"step":{"line":7,"prefix":"When","index":3,"text":"method GET"}},{"result":{"nanos":0,"millis":0.0,"status":"skipped"},"step":{"line":8,"prefix":"Then","index":4,"text":"Status 200"}},{"result":{"nanos":0,"millis":0.0,"status":"skipped"},"step":{"line":9,"prefix":"*","index":5,"text":"print response"}}],"line":3,"description":"","durationMillis":304.5857,"failed":true,"error":"js failed:\n>>>>\n01: url'https:\/\/gorest.co.in\/public\/v2\/users'\n<<<<\norg.graalvm.polyglot.PolyglotException: SyntaxError: Unnamed:1:4 Expected ; but found https:\/\/gorest.co.in\/public\/v2\/users\r\nurl'https:\/\/gorest.co.in\/public\/v2\/users'\r\n    ^\n\n- org.graalvm.polyglot.Context.eval(Context.java:425)\n- com.intuit.karate.graal.JsEngine.evalForValue(JsEngine.java:139)\n- com.intuit.karate.graal.JsEngine.eval(JsEngine.java:135)\n- com.intuit.karate.core.ScenarioEngine.evalJs(ScenarioEngine.java:1190)\n- com.intuit.karate.ScenarioActions.eval(ScenarioActions.java:388)\n- java.base\/jdk.internal.reflect.NativeMethodAccessorImpl.invoke0(Native Method)\n- java.base\/jdk.internal.reflect.NativeMethodAccessorImpl.invoke(NativeMethodAccessorImpl.java:77)\n\nsrc\/main\/resources\/features\/getapiwithquery.feature:5","executorName":"main","name":"Get all active users","startTime":1707133147289,"refId":"[1:3]","endTime":1707133147632,"exampleIndex":-1}],"callDepth":0,"name":"Get API with query parameters","description":"","resultDate":"2024-02-05 05:09:07 pm","durationMillis":304.5857,"passedCount":0}