<?xml version="1.0" encoding="UTF-8"?>
<testsuite name="Cucumber" time="11.385" tests="1" skipped="0" failures="0" errors="0">
<testcase classname="Check login functionality" name="" time="10.963">
<system-out><![CDATA[
Given user is on login page.................................................passed
When user enters valid username and password................................passed
And clicks on login button..................................................passed
Then user is navigated to the homepage......................................passed
]]></system-out>
</testcase>
</testsuite>
