<?xml version="1.0" encoding="UTF-8"?>
<testsuite xmlns:xsi="http://www.w3.org/2001/XMLSchema-instance" xsi:noNamespaceSchemaLocation="https://maven.apache.org/surefire/maven-surefire-plugin/xsd/surefire-test-report-3.0.xsd" version="3.0" name="stepDefinitions.TestRunnerBackgroundDemo" time="0.635" tests="2" errors="0" skipped="0" failures="0">
  <properties>
[...]
</properties>
  <testcase name="check logout link" classname="Check homepage functionality" time="0.414">
    <system-out><![CDATA[
Scenario: check logout link              # src/test/resources/Features/BackgroundDemo/BackgroundDemo.feature:11
  Given user is on login page            # StepsForBackground.BackgroundDemo.user_is_on_login_page()
  When user enters username and password # StepsForBackground.BackgroundDemo.user_enters_username_and_password()
  And clicks on login button             # StepsForBackground.BackgroundDemo.clicks_on_login_button()
  Then user is navigated to homepage     # StepsForBackground.BackgroundDemo.user_is_navigated_to_homepage()
  When user click on profile link        # StepsForBackground.BackgroundDemo.user_click_on_profile_link()
  Then logout link is displayed          # StepsForBackground.BackgroundDemo.logout_link_is_displayed()
]]></system-out>
    <system-err><![CDATA[Jan 31, 2024 5:09:10 PM io.cucumber.core.options.CucumberPropertiesParser lambda$warnWhenCucumberOptionsIsUsed$2
WARNING: Passing commandline options via the property 'cucumber.options' is no longer supported. Please use individual properties instead. See the java doc on io.cucumber.core.options.Constants for details.
]]></system-err>
  </testcase>
  <testcase name="verify quick launch toolbar is present" classname="Check homepage functionality" time="0.025">
    <system-out><![CDATA[
Scenario: verify quick launch toolbar is present # src/test/resources/Features/BackgroundDemo/BackgroundDemo.feature:15
  Given user is on login page                    # StepsForBackground.BackgroundDemo.user_is_on_login_page()
  When user enters username and password         # StepsForBackground.BackgroundDemo.user_enters_username_and_password()
  And clicks on login button                     # StepsForBackground.BackgroundDemo.clicks_on_login_button()
  Then user is navigated to homepage             # StepsForBackground.BackgroundDemo.user_is_navigated_to_homepage()
  When user click on directory link              # StepsForBackground.BackgroundDemo.user_click_on_directory_link()
  Then quick launch toolbar is displayed         # StepsForBackground.BackgroundDemo.quick_launch_toolbar_is_displayed()
]]></system-out>
  </testcase>
</testsuite>