<?xml version="1.0" encoding="UTF-8"?>
<testsuite xmlns:xsi="http://www.w3.org/2001/XMLSchema-instance" xsi:noNamespaceSchemaLocation="https://maven.apache.org/surefire/maven-surefire-plugin/xsd/surefire-test-report-3.0.xsd" version="3.0" name="stepDefinitions.TestRunner" time="2.799" tests="1" errors="1" skipped="0" failures="0">
  <properties>
[...]
</properties>
  <testcase name="" classname="stepDefinitions.TestRunner" time="2.77">
    <error message="There were 2 exceptions. The details are in the stacktrace below." type="io.cucumber.core.exception.CompositeCucumberException"><![CDATA[io.cucumber.core.exception.CompositeCucumberException: There were 2 exceptions. The details are in the stacktrace below.
	at io.cucumber.core.runtime.RethrowingThrowableCollector.getThrowable(RethrowingThrowableCollector.java:57)
	at io.cucumber.core.runtime.CucumberExecutionContext.getThrowable(CucumberExecutionContext.java:109)
	at io.cucumber.core.runtime.CucumberExecutionContext.runFeatures(CucumberExecutionContext.java:155)
	at io.cucumber.junit.Cucumber$StartAndFinishTestRun.evaluate(Cucumber.java:226)
	at org.junit.runners.ParentRunner$3.evaluate(ParentRunner.java:306)
	at org.junit.runners.ParentRunner.run(ParentRunner.java:413)
	at org.apache.maven.surefire.junit4.JUnit4Provider.execute(JUnit4Provider.java:316)
	at org.apache.maven.surefire.junit4.JUnit4Provider.executeWithRerun(JUnit4Provider.java:240)
	at org.apache.maven.surefire.junit4.JUnit4Provider.executeTestSet(JUnit4Provider.java:214)
	at org.apache.maven.surefire.junit4.JUnit4Provider.invoke(JUnit4Provider.java:155)
	at org.apache.maven.surefire.booter.ForkedBooter.runSuitesInProcess(ForkedBooter.java:385)
	at org.apache.maven.surefire.booter.ForkedBooter.execute(ForkedBooter.java:162)
	at org.apache.maven.surefire.booter.ForkedBooter.run(ForkedBooter.java:507)
	at org.apache.maven.surefire.booter.ForkedBooter.main(ForkedBooter.java:495)
	Suppressed: java.lang.UnsupportedClassVersionError: org/openqa/selenium/WebDriver has been compiled by a more recent version of the Java Runtime (class file version 55.0), this version of the Java Runtime only recognizes class file versions up to 52.0
		at java.lang.ClassLoader.defineClass1(Native Method)
		at java.lang.ClassLoader.defineClass(Unknown Source)
		at java.security.SecureClassLoader.defineClass(Unknown Source)
		at java.net.URLClassLoader.defineClass(Unknown Source)
		at java.net.URLClassLoader.access$100(Unknown Source)
		at java.net.URLClassLoader$1.run(Unknown Source)
		at java.net.URLClassLoader$1.run(Unknown Source)
		at java.security.AccessController.doPrivileged(Native Method)
		at java.net.URLClassLoader.findClass(Unknown Source)
		at java.lang.ClassLoader.loadClass(Unknown Source)
		at sun.misc.Launcher$AppClassLoader.loadClass(Unknown Source)
		at java.lang.ClassLoader.loadClass(Unknown Source)
		at java.lang.Class.getDeclaredMethods0(Native Method)
		at java.lang.Class.privateGetDeclaredMethods(Unknown Source)
		at java.lang.Class.privateGetPublicMethods(Unknown Source)
		at java.lang.Class.getMethods(Unknown Source)
		at io.cucumber.java.MethodScanner.safelyGetMethods(MethodScanner.java:39)
		at io.cucumber.java.MethodScanner.scan(MethodScanner.java:32)
		at io.cucumber.java.JavaBackend.lambda$loadGlue$2(JavaBackend.java:41)
		at java.util.stream.ForEachOps$ForEachOp$OfRef.accept(Unknown Source)
		at java.util.stream.DistinctOps$1$2.accept(Unknown Source)
		at java.util.ArrayList$ArrayListSpliterator.forEachRemaining(Unknown Source)
		at java.util.stream.ReferencePipeline$Head.forEach(Unknown Source)
		at java.util.stream.ReferencePipeline$7$1.accept(Unknown Source)
		at java.util.stream.ReferencePipeline$3$1.accept(Unknown Source)
		at java.util.stream.ReferencePipeline$3$1.accept(Unknown Source)
		at java.util.stream.ReferencePipeline$2$1.accept(Unknown Source)
		at java.util.ArrayList$ArrayListSpliterator.forEachRemaining(Unknown Source)
		at java.util.stream.AbstractPipeline.copyInto(Unknown Source)
		at java.util.stream.AbstractPipeline.wrapAndCopyInto(Unknown Source)
		at java.util.stream.ForEachOps$ForEachOp.evaluateSequential(Unknown Source)
		at java.util.stream.ForEachOps$ForEachOp$OfRef.evaluateSequential(Unknown Source)
		at java.util.stream.AbstractPipeline.evaluate(Unknown Source)
		at java.util.stream.ReferencePipeline.forEach(Unknown Source)
		at io.cucumber.java.JavaBackend.loadGlue(JavaBackend.java:41)
		at io.cucumber.core.runner.Runner.<init>(Runner.java:56)
		at io.cucumber.core.runtime.ThreadLocalRunnerSupplier.createRunner(ThreadLocalRunnerSupplier.java:47)
		at java.lang.ThreadLocal$SuppliedThreadLocal.initialValue(Unknown Source)
		at java.lang.ThreadLocal.setInitialValue(Unknown Source)
		at java.lang.ThreadLocal.get(Unknown Source)
		at io.cucumber.core.runtime.ThreadLocalRunnerSupplier.get(ThreadLocalRunnerSupplier.java:40)
		at io.cucumber.core.runtime.RethrowingThrowableCollector.executeAndThrow(RethrowingThrowableCollector.java:35)
		at io.cucumber.core.runtime.CucumberExecutionContext.getRunner(CucumberExecutionContext.java:141)
		at io.cucumber.core.runtime.CucumberExecutionContext.runBeforeAllHooks(CucumberExecutionContext.java:93)
		at io.cucumber.core.runtime.CucumberExecutionContext.lambda$runFeatures$6(CucumberExecutionContext.java:147)
		at io.cucumber.core.runtime.CucumberExecutionContext.execute(CucumberExecutionContext.java:163)
		at io.cucumber.core.runtime.CucumberExecutionContext.runFeatures(CucumberExecutionContext.java:146)
		... 11 more
	Suppressed: java.lang.UnsupportedClassVersionError: org/openqa/selenium/WebDriver has been compiled by a more recent version of the Java Runtime (class file version 55.0), this version of the Java Runtime only recognizes class file versions up to 52.0
		at java.lang.ClassLoader.defineClass1(Native Method)
		at java.lang.ClassLoader.defineClass(Unknown Source)
		at java.security.SecureClassLoader.defineClass(Unknown Source)
		at java.net.URLClassLoader.defineClass(Unknown Source)
		at java.net.URLClassLoader.access$100(Unknown Source)
		at java.net.URLClassLoader$1.run(Unknown Source)
		at java.net.URLClassLoader$1.run(Unknown Source)
		at java.security.AccessController.doPrivileged(Native Method)
		at java.net.URLClassLoader.findClass(Unknown Source)
		at java.lang.ClassLoader.loadClass(Unknown Source)
		at sun.misc.Launcher$AppClassLoader.loadClass(Unknown Source)
		at java.lang.ClassLoader.loadClass(Unknown Source)
		at java.lang.Class.getDeclaredMethods0(Native Method)
		at java.lang.Class.privateGetDeclaredMethods(Unknown Source)
		at java.lang.Class.privateGetPublicMethods(Unknown Source)
		at java.lang.Class.getMethods(Unknown Source)
		at io.cucumber.java.MethodScanner.safelyGetMethods(MethodScanner.java:39)
		at io.cucumber.java.MethodScanner.scan(MethodScanner.java:32)
		at io.cucumber.java.JavaBackend.lambda$loadGlue$2(JavaBackend.java:41)
		at java.util.stream.ForEachOps$ForEachOp$OfRef.accept(Unknown Source)
		at java.util.stream.DistinctOps$1$2.accept(Unknown Source)
		at java.util.ArrayList$ArrayListSpliterator.forEachRemaining(Unknown Source)
		at java.util.stream.ReferencePipeline$Head.forEach(Unknown Source)
		at java.util.stream.ReferencePipeline$7$1.accept(Unknown Source)
		at java.util.stream.ReferencePipeline$3$1.accept(Unknown Source)
		at java.util.stream.ReferencePipeline$3$1.accept(Unknown Source)
		at java.util.stream.ReferencePipeline$2$1.accept(Unknown Source)
		at java.util.ArrayList$ArrayListSpliterator.forEachRemaining(Unknown Source)
		at java.util.stream.AbstractPipeline.copyInto(Unknown Source)
		at java.util.stream.AbstractPipeline.wrapAndCopyInto(Unknown Source)
		at java.util.stream.ForEachOps$ForEachOp.evaluateSequential(Unknown Source)
		at java.util.stream.ForEachOps$ForEachOp$OfRef.evaluateSequential(Unknown Source)
		at java.util.stream.AbstractPipeline.evaluate(Unknown Source)
		at java.util.stream.ReferencePipeline.forEach(Unknown Source)
		at io.cucumber.java.JavaBackend.loadGlue(JavaBackend.java:41)
		at io.cucumber.core.runner.Runner.<init>(Runner.java:56)
		at io.cucumber.core.runtime.ThreadLocalRunnerSupplier.createRunner(ThreadLocalRunnerSupplier.java:47)
		at java.lang.ThreadLocal$SuppliedThreadLocal.initialValue(Unknown Source)
		at java.lang.ThreadLocal.setInitialValue(Unknown Source)
		at java.lang.ThreadLocal.get(Unknown Source)
		at io.cucumber.core.runtime.ThreadLocalRunnerSupplier.get(ThreadLocalRunnerSupplier.java:40)
		at io.cucumber.core.runtime.RethrowingThrowableCollector.executeAndThrow(RethrowingThrowableCollector.java:35)
		at io.cucumber.core.runtime.CucumberExecutionContext.getRunner(CucumberExecutionContext.java:141)
		at io.cucumber.core.runtime.CucumberExecutionContext.runAfterAllHooks(CucumberExecutionContext.java:98)
		at io.cucumber.core.runtime.CucumberExecutionContext.execute(CucumberExecutionContext.java:163)
		at io.cucumber.core.runtime.CucumberExecutionContext.runFeatures(CucumberExecutionContext.java:151)
		... 11 more
]]></error>
    <system-out><![CDATA[      io.cucumber.core.exception.CompositeCucumberException: There were 2 exceptions. The details are in the stacktrace below.
	at io.cucumber.core.runtime.RethrowingThrowableCollector.getThrowable(RethrowingThrowableCollector.java:57)
	at io.cucumber.core.runtime.CucumberExecutionContext.getThrowable(CucumberExecutionContext.java:109)
	at io.cucumber.core.runtime.CucumberExecutionContext.finishTestRun(CucumberExecutionContext.java:104)
	at io.cucumber.core.runtime.CucumberExecutionContext.runFeatures(CucumberExecutionContext.java:153)
	at io.cucumber.junit.Cucumber$StartAndFinishTestRun.evaluate(Cucumber.java:226)
	at org.junit.runners.ParentRunner$3.evaluate(ParentRunner.java:306)
	at org.junit.runners.ParentRunner.run(ParentRunner.java:413)
	at org.apache.maven.surefire.junit4.JUnit4Provider.execute(JUnit4Provider.java:316)
	at org.apache.maven.surefire.junit4.JUnit4Provider.executeWithRerun(JUnit4Provider.java:240)
	at org.apache.maven.surefire.junit4.JUnit4Provider.executeTestSet(JUnit4Provider.java:214)
	at org.apache.maven.surefire.junit4.JUnit4Provider.invoke(JUnit4Provider.java:155)
	at org.apache.maven.surefire.booter.ForkedBooter.runSuitesInProcess(ForkedBooter.java:385)
	at org.apache.maven.surefire.booter.ForkedBooter.execute(ForkedBooter.java:162)
	at org.apache.maven.surefire.booter.ForkedBooter.run(ForkedBooter.java:507)
	at org.apache.maven.surefire.booter.ForkedBooter.main(ForkedBooter.java:495)
	Suppressed: java.lang.UnsupportedClassVersionError: org/openqa/selenium/WebDriver has been compiled by a more recent version of the Java Runtime (class file version 55.0), this version of the Java Runtime only recognizes class file versions up to 52.0
		at java.lang.ClassLoader.defineClass1(Native Method)
		at java.lang.ClassLoader.defineClass(Unknown Source)
		at java.security.SecureClassLoader.defineClass(Unknown Source)
		at java.net.URLClassLoader.defineClass(Unknown Source)
		at java.net.URLClassLoader.access$100(Unknown Source)
		at java.net.URLClassLoader$1.run(Unknown Source)
		at java.net.URLClassLoader$1.run(Unknown Source)
		at java.security.AccessController.doPrivileged(Native Method)
		at java.net.URLClassLoader.findClass(Unknown Source)
		at java.lang.ClassLoader.loadClass(Unknown Source)
		at sun.misc.Launcher$AppClassLoader.loadClass(Unknown Source)
		at java.lang.ClassLoader.loadClass(Unknown Source)
		at java.lang.Class.getDeclaredMethods0(Native Method)
		at java.lang.Class.privateGetDeclaredMethods(Unknown Source)
		at java.lang.Class.privateGetPublicMethods(Unknown Source)
		at java.lang.Class.getMethods(Unknown Source)
		at io.cucumber.java.MethodScanner.safelyGetMethods(MethodScanner.java:39)
		at io.cucumber.java.MethodScanner.scan(MethodScanner.java:32)
		at io.cucumber.java.JavaBackend.lambda$loadGlue$2(JavaBackend.java:41)
		at java.util.stream.ForEachOps$ForEachOp$OfRef.accept(Unknown Source)
		at java.util.stream.DistinctOps$1$2.accept(Unknown Source)
		at java.util.ArrayList$ArrayListSpliterator.forEachRemaining(Unknown Source)
		at java.util.stream.ReferencePipeline$Head.forEach(Unknown Source)
		at java.util.stream.ReferencePipeline$7$1.accept(Unknown Source)
		at java.util.stream.ReferencePipeline$3$1.accept(Unknown Source)
		at java.util.stream.ReferencePipeline$3$1.accept(Unknown Source)
		at java.util.stream.ReferencePipeline$2$1.accept(Unknown Source)
		at java.util.ArrayList$ArrayListSpliterator.forEachRemaining(Unknown Source)
		at java.util.stream.AbstractPipeline.copyInto(Unknown Source)
		at java.util.stream.AbstractPipeline.wrapAndCopyInto(Unknown Source)
		at java.util.stream.ForEachOps$ForEachOp.evaluateSequential(Unknown Source)
		at java.util.stream.ForEachOps$ForEachOp$OfRef.evaluateSequential(Unknown Source)
		at java.util.stream.AbstractPipeline.evaluate(Unknown Source)
		at java.util.stream.ReferencePipeline.forEach(Unknown Source)
		at io.cucumber.java.JavaBackend.loadGlue(JavaBackend.java:41)
		at io.cucumber.core.runner.Runner.<init>(Runner.java:56)
		at io.cucumber.core.runtime.ThreadLocalRunnerSupplier.createRunner(ThreadLocalRunnerSupplier.java:47)
		at java.lang.ThreadLocal$SuppliedThreadLocal.initialValue(Unknown Source)
		at java.lang.ThreadLocal.setInitialValue(Unknown Source)
		at java.lang.ThreadLocal.get(Unknown Source)
		at io.cucumber.core.runtime.ThreadLocalRunnerSupplier.get(ThreadLocalRunnerSupplier.java:40)
		at io.cucumber.core.runtime.RethrowingThrowableCollector.executeAndThrow(RethrowingThrowableCollector.java:35)
		at io.cucumber.core.runtime.CucumberExecutionContext.getRunner(CucumberExecutionContext.java:141)
		at io.cucumber.core.runtime.CucumberExecutionContext.runBeforeAllHooks(CucumberExecutionContext.java:93)
		at io.cucumber.core.runtime.CucumberExecutionContext.lambda$runFeatures$6(CucumberExecutionContext.java:147)
		at io.cucumber.core.runtime.CucumberExecutionContext.execute(CucumberExecutionContext.java:163)
		at io.cucumber.core.runtime.CucumberExecutionContext.runFeatures(CucumberExecutionContext.java:146)
		... 11 more
	Suppressed: java.lang.UnsupportedClassVersionError: org/openqa/selenium/WebDriver has been compiled by a more recent version of the Java Runtime (class file version 55.0), this version of the Java Runtime only recognizes class file versions up to 52.0
		at java.lang.ClassLoader.defineClass1(Native Method)
		at java.lang.ClassLoader.defineClass(Unknown Source)
		at java.security.SecureClassLoader.defineClass(Unknown Source)
		at java.net.URLClassLoader.defineClass(Unknown Source)
		at java.net.URLClassLoader.access$100(Unknown Source)
		at java.net.URLClassLoader$1.run(Unknown Source)
		at java.net.URLClassLoader$1.run(Unknown Source)
		at java.security.AccessController.doPrivileged(Native Method)
		at java.net.URLClassLoader.findClass(Unknown Source)
		at java.lang.ClassLoader.loadClass(Unknown Source)
		at sun.misc.Launcher$AppClassLoader.loadClass(Unknown Source)
		at java.lang.ClassLoader.loadClass(Unknown Source)
		at java.lang.Class.getDeclaredMethods0(Native Method)
		at java.lang.Class.privateGetDeclaredMethods(Unknown Source)
		at java.lang.Class.privateGetPublicMethods(Unknown Source)
		at java.lang.Class.getMethods(Unknown Source)
		at io.cucumber.java.MethodScanner.safelyGetMethods(MethodScanner.java:39)
		at io.cucumber.java.MethodScanner.scan(MethodScanner.java:32)
		at io.cucumber.java.JavaBackend.lambda$loadGlue$2(JavaBackend.java:41)
		at java.util.stream.ForEachOps$ForEachOp$OfRef.accept(Unknown Source)
		at java.util.stream.DistinctOps$1$2.accept(Unknown Source)
		at java.util.ArrayList$ArrayListSpliterator.forEachRemaining(Unknown Source)
		at java.util.stream.ReferencePipeline$Head.forEach(Unknown Source)
		at java.util.stream.ReferencePipeline$7$1.accept(Unknown Source)
		at java.util.stream.ReferencePipeline$3$1.accept(Unknown Source)
		at java.util.stream.ReferencePipeline$3$1.accept(Unknown Source)
		at java.util.stream.ReferencePipeline$2$1.accept(Unknown Source)
		at java.util.ArrayList$ArrayListSpliterator.forEachRemaining(Unknown Source)
		at java.util.stream.AbstractPipeline.copyInto(Unknown Source)
		at java.util.stream.AbstractPipeline.wrapAndCopyInto(Unknown Source)
		at java.util.stream.ForEachOps$ForEachOp.evaluateSequential(Unknown Source)
		at java.util.stream.ForEachOps$ForEachOp$OfRef.evaluateSequential(Unknown Source)
		at java.util.stream.AbstractPipeline.evaluate(Unknown Source)
		at java.util.stream.ReferencePipeline.forEach(Unknown Source)
		at io.cucumber.java.JavaBackend.loadGlue(JavaBackend.java:41)
		at io.cucumber.core.runner.Runner.<init>(Runner.java:56)
		at io.cucumber.core.runtime.ThreadLocalRunnerSupplier.createRunner(ThreadLocalRunnerSupplier.java:47)
		at java.lang.ThreadLocal$SuppliedThreadLocal.initialValue(Unknown Source)
		at java.lang.ThreadLocal.setInitialValue(Unknown Source)
		at java.lang.ThreadLocal.get(Unknown Source)
		at io.cucumber.core.runtime.ThreadLocalRunnerSupplier.get(ThreadLocalRunnerSupplier.java:40)
		at io.cucumber.core.runtime.RethrowingThrowableCollector.executeAndThrow(RethrowingThrowableCollector.java:35)
		at io.cucumber.core.runtime.CucumberExecutionContext.getRunner(CucumberExecutionContext.java:141)
		at io.cucumber.core.runtime.CucumberExecutionContext.runAfterAllHooks(CucumberExecutionContext.java:98)
		at io.cucumber.core.runtime.CucumberExecutionContext.execute(CucumberExecutionContext.java:163)
		at io.cucumber.core.runtime.CucumberExecutionContext.runFeatures(CucumberExecutionContext.java:151)
		... 11 more

]]></system-out>
    <system-err><![CDATA[Jan 31, 2024 5:09:07 PM io.cucumber.core.options.CucumberPropertiesParser lambda$warnWhenCucumberOptionsIsUsed$2
WARNING: Passing commandline options via the property 'cucumber.options' is no longer supported. Please use individual properties instead. See the java doc on io.cucumber.core.options.Constants for details.
]]></system-err>
  </testcase>
</testsuite>